 * Package:    media-libs/giblib-1.2.4-r1
 * Repository: gentoo
 * USE:        abi_x86_64 amd64 elibc_glibc kernel_linux userland_GNU
 * FEATURES:   network-sandbox preserve-libs sandbox userpriv usersandbox
>>> Unpacking source...
>>> Unpacking giblib-1.2.4.tar.gz to /var/tmp/portage/media-libs/giblib-1.2.4-r1/work
>>> Source unpacked in /var/tmp/portage/media-libs/giblib-1.2.4-r1/work
>>> Preparing source in /var/tmp/portage/media-libs/giblib-1.2.4-r1/work/giblib-1.2.4 ...
 * Applying giblib-1.2.4-fix-build-system.patch ...
 [ ok ]
 * Running eautoreconf in '/var/tmp/portage/media-libs/giblib-1.2.4-r1/work/giblib-1.2.4' ...
 * Running 'libtoolize --install --copy --force --automake' ...
 [ ok ]
 * Running 'aclocal' ...
 [ ok ]
 * Running 'autoconf --force' ...
 [ ok ]
 * Running 'autoheader' ...
 [ ok ]
 * Running 'automake --add-missing --copy --foreign --force-missing' ...
 [ ok ]
 * Running elibtoolize in: giblib-1.2.4/
 *   Applying portage/1.2.0 patch ...
 *   Applying sed/1.5.6 patch ...
 *   Applying as-needed/2.4.3 patch ...
 *   Applying static-flags/2.4.6 patch ...
>>> Source prepared.
>>> Configuring source in /var/tmp/portage/media-libs/giblib-1.2.4-r1/work/giblib-1.2.4 ...
 * econf: updating giblib-1.2.4/config.guess with /usr/share/gnuconfig/config.guess
 * econf: updating giblib-1.2.4/config.sub with /usr/share/gnuconfig/config.sub
./configure --prefix=/usr --build=x86_64-pc-linux-gnu --host=x86_64-pc-linux-gnu --mandir=/usr/share/man --infodir=/usr/share/info --datadir=/usr/share --sysconfdir=/etc --localstatedir=/var/lib --disable-dependency-tracking --disable-silent-rules --docdir=/usr/share/doc/giblib-1.2.4-r1 --htmldir=/usr/share/doc/giblib-1.2.4-r1/html --with-sysroot=/ --libdir=/usr/lib64 --disable-static --enable-option-checking=warn
configure: loading site script /usr/share/config.site
checking for a BSD-compatible install... /usr/lib/portage/python3.10/ebuild-helpers/xattr/install -c
checking whether build environment is sane... yes
checking for a race-free mkdir -p... /bin/mkdir -p
checking for gawk... gawk
checking whether make sets $(MAKE)... yes
checking whether make supports nested variables... yes
checking whether make supports the include directive... yes (GNU style)
checking for x86_64-pc-linux-gnu-gcc... x86_64-pc-linux-gnu-gcc
checking whether the C compiler works... yes
checking for C compiler default output file name... a.out
checking for suffix of executables... 
checking whether we are cross compiling... no
checking for suffix of object files... o
checking whether the compiler supports GNU C... yes
checking whether x86_64-pc-linux-gnu-gcc accepts -g... yes
checking for x86_64-pc-linux-gnu-gcc option to enable C11 features... none needed
checking whether x86_64-pc-linux-gnu-gcc understands -c and -o together... yes
checking dependency style of x86_64-pc-linux-gnu-gcc... none
checking for library containing strerror... none required
checking for x86_64-pc-linux-gnu-gcc... (cached) x86_64-pc-linux-gnu-gcc
checking whether the compiler supports GNU C... (cached) yes
checking whether x86_64-pc-linux-gnu-gcc accepts -g... (cached) yes
checking for x86_64-pc-linux-gnu-gcc option to enable C11 features... (cached) none needed
checking whether x86_64-pc-linux-gnu-gcc understands -c and -o together... (cached) yes
checking dependency style of x86_64-pc-linux-gnu-gcc... (cached) none
checking for x86_64-pc-linux-gnu-gcc... (cached) x86_64-pc-linux-gnu-gcc
checking whether the compiler supports GNU C... (cached) yes
checking whether x86_64-pc-linux-gnu-gcc accepts -g... (cached) yes
checking for x86_64-pc-linux-gnu-gcc option to enable C11 features... (cached) none needed
checking whether x86_64-pc-linux-gnu-gcc understands -c and -o together... (cached) yes
checking dependency style of x86_64-pc-linux-gnu-gcc... (cached) none
checking for stdio.h... yes
checking for stdlib.h... yes
checking for string.h... yes
checking for inttypes.h... yes
checking for stdint.h... yes
checking for strings.h... yes
checking for sys/stat.h... yes
checking for sys/types.h... yes
checking for unistd.h... yes
checking for grep that handles long lines and -e... /bin/grep
checking for egrep... /bin/grep -E
checking build system type... x86_64-pc-linux-gnu
checking host system type... x86_64-pc-linux-gnu
checking how to print strings... printf
checking for a sed that does not truncate output... /bin/sed
checking for fgrep... /bin/grep -F
checking for ld used by x86_64-pc-linux-gnu-gcc... /usr/x86_64-pc-linux-gnu/bin/ld
checking if the linker (/usr/x86_64-pc-linux-gnu/bin/ld) is GNU ld... yes
checking for BSD- or MS-compatible name lister (nm)... /usr/bin/x86_64-pc-linux-gnu-nm -B
checking the name lister (/usr/bin/x86_64-pc-linux-gnu-nm -B) interface... BSD nm
checking whether ln -s works... yes
checking the maximum length of command line arguments... 1572864
checking how to convert x86_64-pc-linux-gnu file names to x86_64-pc-linux-gnu format... func_convert_file_noop
checking how to convert x86_64-pc-linux-gnu file names to toolchain format... func_convert_file_noop
checking for /usr/x86_64-pc-linux-gnu/bin/ld option to reload object files... -r
checking for x86_64-pc-linux-gnu-objdump... x86_64-pc-linux-gnu-objdump
checking how to recognize dependent libraries... pass_all
checking for x86_64-pc-linux-gnu-dlltool... x86_64-pc-linux-gnu-dlltool
checking how to associate runtime and link libraries... printf %s\n
checking for x86_64-pc-linux-gnu-ar... x86_64-pc-linux-gnu-ar
checking for archiver @FILE support... @
checking for x86_64-pc-linux-gnu-strip... x86_64-pc-linux-gnu-strip
checking for x86_64-pc-linux-gnu-ranlib... x86_64-pc-linux-gnu-ranlib
checking command to parse /usr/bin/x86_64-pc-linux-gnu-nm -B output from x86_64-pc-linux-gnu-gcc object... ok
checking for sysroot... /
checking for a working dd... /bin/dd
checking how to truncate binary pipes... /bin/dd bs=4096 count=1
checking for x86_64-pc-linux-gnu-mt... no
checking for mt... no
checking if : is a manifest tool... no
checking for dlfcn.h... yes
checking for objdir... .libs
checking if x86_64-pc-linux-gnu-gcc supports -fno-rtti -fno-exceptions... no
checking for x86_64-pc-linux-gnu-gcc option to produce PIC... -fPIC -DPIC
checking if x86_64-pc-linux-gnu-gcc PIC flag -fPIC -DPIC works... yes
checking if x86_64-pc-linux-gnu-gcc static flag -static works... yes
checking if x86_64-pc-linux-gnu-gcc supports -c -o file.o... yes
checking if x86_64-pc-linux-gnu-gcc supports -c -o file.o... (cached) yes
checking whether the x86_64-pc-linux-gnu-gcc linker (/usr/x86_64-pc-linux-gnu/bin/ld -m elf_x86_64) supports shared libraries... yes
checking whether -lc should be explicitly linked in... no
checking dynamic linker characteristics... GNU/Linux ld.so
checking how to hardcode library paths into programs... immediate
checking whether stripping libraries is possible... yes
checking if libtool supports shared libraries... yes
checking whether to build shared libraries... yes
checking whether to build static libraries... no
checking whether make sets $(MAKE)... (cached) yes
checking whether build environment is sane... yes
checking whether to enable maintainer-specific portions of Makefiles... no
checking if malloc debugging is wanted... no
checking for imlib2-config... no
checking for imlib2 - version >= 1.0.0... no
*** The imlib2-config script installed by imlib2 could not be found
*** If imlib2 was installed in PREFIX, make sure PREFIX/bin is in
*** your path, or set the IMLIB2_CONFIG environment variable to the
*** full path to imlib2-config.
configure: error: Cannot find imlib2: Is imlib2-config in the path?

!!! Please attach the following file when seeking support:
!!! /var/tmp/portage/media-libs/giblib-1.2.4-r1/work/giblib-1.2.4/config.log
 * ERROR: media-libs/giblib-1.2.4-r1::gentoo failed (configure phase):
 *   econf failed
 * 
 * Call stack:
 *               ebuild.sh, line  127:  Called src_configure
 *             environment, line 1682:  Called econf '--disable-static'
 *        phase-helpers.sh, line  711:  Called __helpers_die 'econf failed'
 *   isolated-functions.sh, line  112:  Called die
 * The specific snippet of code:
 *   		die "$@"
 * 
 * If you need support, post the output of `emerge --info '=media-libs/giblib-1.2.4-r1::gentoo'`,
 * the complete build log and the output of `emerge -pqv '=media-libs/giblib-1.2.4-r1::gentoo'`.
 * The complete build log is located at '/var/tmp/portage/media-libs/giblib-1.2.4-r1/temp/build.log'.
 * The ebuild environment file is located at '/var/tmp/portage/media-libs/giblib-1.2.4-r1/temp/environment'.
 * Working directory: '/var/tmp/portage/media-libs/giblib-1.2.4-r1/work/giblib-1.2.4'
 * S: '/var/tmp/portage/media-libs/giblib-1.2.4-r1/work/giblib-1.2.4'
